c:\users\the sun\desktop\my_dll_13\my_dll_13\x64\release\my_dll_13.pch
c:\users\the sun\desktop\my_dll_13\my_dll_13\x64\release\vc120.pdb
c:\users\the sun\desktop\my_dll_13\my_dll_13\x64\release\stdafx.obj
c:\users\the sun\desktop\my_dll_13\my_dll_13\x64\release\my_function.obj
c:\users\the sun\desktop\my_dll_13\my_dll_13\x64\release\my_dll_13.obj
c:\users\the sun\desktop\my_dll_13\my_dll_13\x64\release\mycontroller.obj
c:\users\the sun\desktop\my_dll_13\my_dll_13\x64\release\feature.obj
c:\users\the sun\desktop\my_dll_13\my_dll_13\x64\release\camera.obj
c:\users\the sun\desktop\my_dll_13\my_dll_13\x64\release\dllmain.obj
c:\users\the sun\desktop\my_dll_13\my_dll_13\x64\release\logger.obj
c:\users\the sun\desktop\my_dll_13\x64\release\my_dll_13.dll
c:\users\the sun\desktop\my_dll_13\x64\release\my_dll_13.pdb
c:\users\the sun\desktop\my_dll_13\x64\release\my_dll_13.lib
c:\users\the sun\desktop\my_dll_13\x64\release\my_dll_13.exp
c:\users\the sun\desktop\my_dll_13\my_dll_13\x64\release\my_dll_13.tlog\cl.command.1.tlog
c:\users\the sun\desktop\my_dll_13\my_dll_13\x64\release\my_dll_13.tlog\cl.read.1.tlog
c:\users\the sun\desktop\my_dll_13\my_dll_13\x64\release\my_dll_13.tlog\cl.write.1.tlog
c:\users\the sun\desktop\my_dll_13\my_dll_13\x64\release\my_dll_13.tlog\link.command.1.tlog
c:\users\the sun\desktop\my_dll_13\my_dll_13\x64\release\my_dll_13.tlog\link.read.1.tlog
c:\users\the sun\desktop\my_dll_13\my_dll_13\x64\release\my_dll_13.tlog\link.write.1.tlog
c:\users\the sun\desktop\my_dll_13\my_dll_13\x64\release\my_dll_13.tlog\my_dll_13.write.1u.tlog
